{"/Users/byun/Desktop/program/github/resume-api-version2/src/controller/auth.controller.js": {"path":"/Users/byun/Desktop/program/github/resume-api-version2/src/controller/auth.controller.js","statementMap":{"0":{"start":{"line":1,"column":20},"end":{"line":1,"column":54}},"1":{"start":{"line":4,"column":41},"end":{"line":13,"column":5}},"2":{"start":{"line":5,"column":8},"end":{"line":12,"column":9}},"3":{"start":{"line":6,"column":37},"end":{"line":6,"column":45}},"4":{"start":{"line":8,"column":26},"end":{"line":8,"column":74}},"5":{"start":{"line":9,"column":12},"end":{"line":9,"column":35}},"6":{"start":{"line":11,"column":12},"end":{"line":11,"column":49}},"7":{"start":{"line":16,"column":23},"end":{"line":16,"column":43}},"8":{"start":{"line":17,"column":0},"end":{"line":17,"column":32}}},"fnMap":{"0":{"name":"(anonymous_0)","decl":{"start":{"line":4,"column":41},"end":{"line":4,"column":42}},"loc":{"start":{"line":4,"column":61},"end":{"line":13,"column":5}},"line":4}},"branchMap":{},"s":{"0":1,"1":1,"2":1,"3":1,"4":1,"5":1,"6":0,"7":1,"8":1},"f":{"0":1},"b":{},"_coverageSchema":"1a1c01bbd47fc00a2c39e90264f33305004495a9","hash":"6e90604a3d72280bc63fae4c7e152d92fd054d72"}
,"/Users/byun/Desktop/program/github/resume-api-version2/src/controller/resume.controller.js": {"path":"/Users/byun/Desktop/program/github/resume-api-version2/src/controller/resume.controller.js","statementMap":{"0":{"start":{"line":1,"column":22},"end":{"line":1,"column":58}},"1":{"start":{"line":4,"column":21},"end":{"line":32,"column":5}},"2":{"start":{"line":5,"column":8},"end":{"line":31,"column":9}},"3":{"start":{"line":6,"column":29},"end":{"line":6,"column":61}},"4":{"start":{"line":7,"column":31},"end":{"line":7,"column":61}},"5":{"start":{"line":9,"column":12},"end":{"line":14,"column":13}},"6":{"start":{"line":10,"column":16},"end":{"line":13,"column":18}},"7":{"start":{"line":16,"column":12},"end":{"line":21,"column":13}},"8":{"start":{"line":17,"column":16},"end":{"line":20,"column":18}},"9":{"start":{"line":23,"column":28},"end":{"line":26,"column":14}},"10":{"start":{"line":28,"column":12},"end":{"line":28,"column":47}},"11":{"start":{"line":30,"column":12},"end":{"line":30,"column":49}},"12":{"start":{"line":34,"column":20},"end":{"line":54,"column":5}},"13":{"start":{"line":35,"column":8},"end":{"line":53,"column":9}},"14":{"start":{"line":36,"column":29},"end":{"line":36,"column":48}},"15":{"start":{"line":37,"column":12},"end":{"line":42,"column":13}},"16":{"start":{"line":38,"column":16},"end":{"line":41,"column":18}},"17":{"start":{"line":44,"column":27},"end":{"line":44,"column":80}},"18":{"start":{"line":46,"column":12},"end":{"line":48,"column":13}},"19":{"start":{"line":47,"column":16},"end":{"line":47,"column":46}},"20":{"start":{"line":50,"column":12},"end":{"line":50,"column":46}},"21":{"start":{"line":52,"column":12},"end":{"line":52,"column":49}},"22":{"start":{"line":56,"column":19},"end":{"line":82,"column":5}},"23":{"start":{"line":57,"column":8},"end":{"line":81,"column":9}},"24":{"start":{"line":58,"column":25},"end":{"line":58,"column":40}},"25":{"start":{"line":59,"column":39},"end":{"line":59,"column":47}},"26":{"start":{"line":60,"column":12},"end":{"line":65,"column":13}},"27":{"start":{"line":61,"column":16},"end":{"line":64,"column":18}},"28":{"start":{"line":67,"column":12},"end":{"line":72,"column":13}},"29":{"start":{"line":68,"column":16},"end":{"line":71,"column":18}},"30":{"start":{"line":74,"column":12},"end":{"line":76,"column":14}},"31":{"start":{"line":78,"column":12},"end":{"line":78,"column":41}},"32":{"start":{"line":80,"column":12},"end":{"line":80,"column":49}},"33":{"start":{"line":84,"column":19},"end":{"line":134,"column":5}},"34":{"start":{"line":85,"column":8},"end":{"line":133,"column":9}},"35":{"start":{"line":86,"column":25},"end":{"line":86,"column":40}},"36":{"start":{"line":87,"column":29},"end":{"line":87,"column":48}},"37":{"start":{"line":88,"column":47},"end":{"line":88,"column":55}},"38":{"start":{"line":90,"column":12},"end":{"line":95,"column":13}},"39":{"start":{"line":91,"column":16},"end":{"line":94,"column":18}},"40":{"start":{"line":97,"column":12},"end":{"line":102,"column":13}},"41":{"start":{"line":98,"column":16},"end":{"line":101,"column":18}},"42":{"start":{"line":104,"column":12},"end":{"line":109,"column":13}},"43":{"start":{"line":105,"column":16},"end":{"line":108,"column":18}},"44":{"start":{"line":111,"column":12},"end":{"line":116,"column":13}},"45":{"start":{"line":112,"column":16},"end":{"line":115,"column":18}},"46":{"start":{"line":119,"column":12},"end":{"line":124,"column":13}},"47":{"start":{"line":120,"column":16},"end":{"line":123,"column":18}},"48":{"start":{"line":126,"column":12},"end":{"line":128,"column":20}},"49":{"start":{"line":130,"column":12},"end":{"line":130,"column":40}},"50":{"start":{"line":132,"column":12},"end":{"line":132,"column":49}},"51":{"start":{"line":136,"column":19},"end":{"line":154,"column":5}},"52":{"start":{"line":137,"column":8},"end":{"line":153,"column":9}},"53":{"start":{"line":138,"column":25},"end":{"line":138,"column":40}},"54":{"start":{"line":139,"column":29},"end":{"line":139,"column":48}},"55":{"start":{"line":141,"column":12},"end":{"line":146,"column":13}},"56":{"start":{"line":142,"column":16},"end":{"line":145,"column":18}},"57":{"start":{"line":148,"column":12},"end":{"line":148,"column":71}},"58":{"start":{"line":150,"column":12},"end":{"line":150,"column":41}},"59":{"start":{"line":152,"column":12},"end":{"line":152,"column":49}},"60":{"start":{"line":157,"column":24},"end":{"line":157,"column":45}},"61":{"start":{"line":158,"column":0},"end":{"line":158,"column":33}}},"fnMap":{"0":{"name":"(anonymous_0)","decl":{"start":{"line":4,"column":21},"end":{"line":4,"column":22}},"loc":{"start":{"line":4,"column":41},"end":{"line":32,"column":5}},"line":4},"1":{"name":"(anonymous_1)","decl":{"start":{"line":34,"column":20},"end":{"line":34,"column":21}},"loc":{"start":{"line":34,"column":40},"end":{"line":54,"column":5}},"line":34},"2":{"name":"(anonymous_2)","decl":{"start":{"line":56,"column":19},"end":{"line":56,"column":20}},"loc":{"start":{"line":56,"column":39},"end":{"line":82,"column":5}},"line":56},"3":{"name":"(anonymous_3)","decl":{"start":{"line":84,"column":19},"end":{"line":84,"column":20}},"loc":{"start":{"line":84,"column":39},"end":{"line":134,"column":5}},"line":84},"4":{"name":"(anonymous_4)","decl":{"start":{"line":136,"column":19},"end":{"line":136,"column":20}},"loc":{"start":{"line":136,"column":39},"end":{"line":154,"column":5}},"line":136}},"branchMap":{"0":{"loc":{"start":{"line":6,"column":29},"end":{"line":6,"column":61}},"type":"binary-expr","locations":[{"start":{"line":6,"column":29},"end":{"line":6,"column":47}},{"start":{"line":6,"column":51},"end":{"line":6,"column":61}}],"line":6},"1":{"loc":{"start":{"line":7,"column":31},"end":{"line":7,"column":61}},"type":"binary-expr","locations":[{"start":{"line":7,"column":31},"end":{"line":7,"column":51}},{"start":{"line":7,"column":55},"end":{"line":7,"column":61}}],"line":7},"2":{"loc":{"start":{"line":9,"column":12},"end":{"line":14,"column":13}},"type":"if","locations":[{"start":{"line":9,"column":12},"end":{"line":14,"column":13}},{"start":{},"end":{}}],"line":9},"3":{"loc":{"start":{"line":16,"column":12},"end":{"line":21,"column":13}},"type":"if","locations":[{"start":{"line":16,"column":12},"end":{"line":21,"column":13}},{"start":{},"end":{}}],"line":16},"4":{"loc":{"start":{"line":37,"column":12},"end":{"line":42,"column":13}},"type":"if","locations":[{"start":{"line":37,"column":12},"end":{"line":42,"column":13}},{"start":{},"end":{}}],"line":37},"5":{"loc":{"start":{"line":46,"column":12},"end":{"line":48,"column":13}},"type":"if","locations":[{"start":{"line":46,"column":12},"end":{"line":48,"column":13}},{"start":{},"end":{}}],"line":46},"6":{"loc":{"start":{"line":60,"column":12},"end":{"line":65,"column":13}},"type":"if","locations":[{"start":{"line":60,"column":12},"end":{"line":65,"column":13}},{"start":{},"end":{}}],"line":60},"7":{"loc":{"start":{"line":67,"column":12},"end":{"line":72,"column":13}},"type":"if","locations":[{"start":{"line":67,"column":12},"end":{"line":72,"column":13}},{"start":{},"end":{}}],"line":67},"8":{"loc":{"start":{"line":90,"column":12},"end":{"line":95,"column":13}},"type":"if","locations":[{"start":{"line":90,"column":12},"end":{"line":95,"column":13}},{"start":{},"end":{}}],"line":90},"9":{"loc":{"start":{"line":97,"column":12},"end":{"line":102,"column":13}},"type":"if","locations":[{"start":{"line":97,"column":12},"end":{"line":102,"column":13}},{"start":{},"end":{}}],"line":97},"10":{"loc":{"start":{"line":104,"column":12},"end":{"line":109,"column":13}},"type":"if","locations":[{"start":{"line":104,"column":12},"end":{"line":109,"column":13}},{"start":{},"end":{}}],"line":104},"11":{"loc":{"start":{"line":111,"column":12},"end":{"line":116,"column":13}},"type":"if","locations":[{"start":{"line":111,"column":12},"end":{"line":116,"column":13}},{"start":{},"end":{}}],"line":111},"12":{"loc":{"start":{"line":119,"column":12},"end":{"line":124,"column":13}},"type":"if","locations":[{"start":{"line":119,"column":12},"end":{"line":124,"column":13}},{"start":{},"end":{}}],"line":119},"13":{"loc":{"start":{"line":141,"column":12},"end":{"line":146,"column":13}},"type":"if","locations":[{"start":{"line":141,"column":12},"end":{"line":146,"column":13}},{"start":{},"end":{}}],"line":141}},"s":{"0":1,"1":1,"2":1,"3":1,"4":1,"5":1,"6":0,"7":1,"8":0,"9":1,"10":1,"11":0,"12":1,"13":4,"14":4,"15":4,"16":0,"17":4,"18":4,"19":3,"20":1,"21":0,"22":1,"23":0,"24":0,"25":0,"26":0,"27":0,"28":0,"29":0,"30":0,"31":0,"32":0,"33":1,"34":0,"35":0,"36":0,"37":0,"38":0,"39":0,"40":0,"41":0,"42":0,"43":0,"44":0,"45":0,"46":0,"47":0,"48":0,"49":0,"50":0,"51":1,"52":1,"53":1,"54":1,"55":1,"56":0,"57":1,"58":1,"59":0,"60":1,"61":1},"f":{"0":1,"1":4,"2":0,"3":0,"4":1},"b":{"0":[1,0],"1":[1,0],"2":[0,1],"3":[0,1],"4":[0,4],"5":[3,1],"6":[0,0],"7":[0,0],"8":[0,0],"9":[0,0],"10":[0,0],"11":[0,0],"12":[0,0],"13":[0,1]},"_coverageSchema":"1a1c01bbd47fc00a2c39e90264f33305004495a9","hash":"d65900f1ff768e2245256d356effaf7e76149185"}
,"/Users/byun/Desktop/program/github/resume-api-version2/src/controller/user.controller.js": {"path":"/Users/byun/Desktop/program/github/resume-api-version2/src/controller/user.controller.js","statementMap":{"0":{"start":{"line":1,"column":20},"end":{"line":1,"column":54}},"1":{"start":{"line":4,"column":17},"end":{"line":46,"column":5}},"2":{"start":{"line":5,"column":8},"end":{"line":45,"column":9}},"3":{"start":{"line":6,"column":80},"end":{"line":6,"column":88}},"4":{"start":{"line":7,"column":12},"end":{"line":9,"column":13}},"5":{"start":{"line":8,"column":16},"end":{"line":8,"column":90}},"6":{"start":{"line":11,"column":12},"end":{"line":31,"column":13}},"7":{"start":{"line":12,"column":16},"end":{"line":14,"column":17}},"8":{"start":{"line":13,"column":20},"end":{"line":13,"column":92}},"9":{"start":{"line":16,"column":16},"end":{"line":18,"column":17}},"10":{"start":{"line":17,"column":20},"end":{"line":17,"column":93}},"11":{"start":{"line":20,"column":16},"end":{"line":22,"column":17}},"12":{"start":{"line":21,"column":20},"end":{"line":21,"column":96}},"13":{"start":{"line":24,"column":16},"end":{"line":26,"column":17}},"14":{"start":{"line":25,"column":20},"end":{"line":25,"column":98}},"15":{"start":{"line":28,"column":16},"end":{"line":30,"column":17}},"16":{"start":{"line":29,"column":20},"end":{"line":29,"column":106}},"17":{"start":{"line":33,"column":12},"end":{"line":35,"column":13}},"18":{"start":{"line":34,"column":16},"end":{"line":34,"column":87}},"19":{"start":{"line":37,"column":12},"end":{"line":37,"column":85}},"20":{"start":{"line":39,"column":12},"end":{"line":42,"column":14}},"21":{"start":{"line":44,"column":12},"end":{"line":44,"column":49}},"22":{"start":{"line":48,"column":17},"end":{"line":57,"column":5}},"23":{"start":{"line":49,"column":8},"end":{"line":56,"column":9}},"24":{"start":{"line":50,"column":50},"end":{"line":50,"column":58}},"25":{"start":{"line":52,"column":26},"end":{"line":52,"column":85}},"26":{"start":{"line":53,"column":12},"end":{"line":53,"column":35}},"27":{"start":{"line":55,"column":12},"end":{"line":55,"column":49}},"28":{"start":{"line":59,"column":16},"end":{"line":70,"column":5}},"29":{"start":{"line":60,"column":8},"end":{"line":69,"column":9}},"30":{"start":{"line":61,"column":25},"end":{"line":61,"column":40}},"31":{"start":{"line":63,"column":12},"end":{"line":66,"column":14}},"32":{"start":{"line":68,"column":12},"end":{"line":68,"column":49}},"33":{"start":{"line":73,"column":23},"end":{"line":73,"column":43}},"34":{"start":{"line":74,"column":0},"end":{"line":74,"column":32}}},"fnMap":{"0":{"name":"(anonymous_0)","decl":{"start":{"line":4,"column":17},"end":{"line":4,"column":18}},"loc":{"start":{"line":4,"column":37},"end":{"line":46,"column":5}},"line":4},"1":{"name":"(anonymous_1)","decl":{"start":{"line":48,"column":17},"end":{"line":48,"column":18}},"loc":{"start":{"line":48,"column":37},"end":{"line":57,"column":5}},"line":48},"2":{"name":"(anonymous_2)","decl":{"start":{"line":59,"column":16},"end":{"line":59,"column":17}},"loc":{"start":{"line":59,"column":30},"end":{"line":70,"column":5}},"line":59}},"branchMap":{"0":{"loc":{"start":{"line":7,"column":12},"end":{"line":9,"column":13}},"type":"if","locations":[{"start":{"line":7,"column":12},"end":{"line":9,"column":13}},{"start":{},"end":{}}],"line":7},"1":{"loc":{"start":{"line":7,"column":16},"end":{"line":7,"column":59}},"type":"binary-expr","locations":[{"start":{"line":7,"column":16},"end":{"line":7,"column":21}},{"start":{"line":7,"column":25},"end":{"line":7,"column":59}}],"line":7},"2":{"loc":{"start":{"line":11,"column":12},"end":{"line":31,"column":13}},"type":"if","locations":[{"start":{"line":11,"column":12},"end":{"line":31,"column":13}},{"start":{},"end":{}}],"line":11},"3":{"loc":{"start":{"line":12,"column":16},"end":{"line":14,"column":17}},"type":"if","locations":[{"start":{"line":12,"column":16},"end":{"line":14,"column":17}},{"start":{},"end":{}}],"line":12},"4":{"loc":{"start":{"line":16,"column":16},"end":{"line":18,"column":17}},"type":"if","locations":[{"start":{"line":16,"column":16},"end":{"line":18,"column":17}},{"start":{},"end":{}}],"line":16},"5":{"loc":{"start":{"line":20,"column":16},"end":{"line":22,"column":17}},"type":"if","locations":[{"start":{"line":20,"column":16},"end":{"line":22,"column":17}},{"start":{},"end":{}}],"line":20},"6":{"loc":{"start":{"line":24,"column":16},"end":{"line":26,"column":17}},"type":"if","locations":[{"start":{"line":24,"column":16},"end":{"line":26,"column":17}},{"start":{},"end":{}}],"line":24},"7":{"loc":{"start":{"line":28,"column":16},"end":{"line":30,"column":17}},"type":"if","locations":[{"start":{"line":28,"column":16},"end":{"line":30,"column":17}},{"start":{},"end":{}}],"line":28},"8":{"loc":{"start":{"line":33,"column":12},"end":{"line":35,"column":13}},"type":"if","locations":[{"start":{"line":33,"column":12},"end":{"line":35,"column":13}},{"start":{},"end":{}}],"line":33}},"s":{"0":1,"1":1,"2":2,"3":2,"4":2,"5":0,"6":2,"7":0,"8":0,"9":0,"10":0,"11":0,"12":0,"13":0,"14":0,"15":0,"16":0,"17":2,"18":1,"19":1,"20":1,"21":0,"22":1,"23":0,"24":0,"25":0,"26":0,"27":0,"28":1,"29":1,"30":1,"31":1,"32":0,"33":1,"34":1},"f":{"0":2,"1":0,"2":1},"b":{"0":[0,2],"1":[2,1],"2":[0,2],"3":[0,0],"4":[0,0],"5":[0,0],"6":[0,0],"7":[0,0],"8":[1,1]},"_coverageSchema":"1a1c01bbd47fc00a2c39e90264f33305004495a9","hash":"20e6e5ce99fe5350b6190cd5b638cd109e8b3610"}
,"/Users/byun/Desktop/program/github/resume-api-version2/src/repository/resume.repository.js": {"path":"/Users/byun/Desktop/program/github/resume-api-version2/src/repository/resume.repository.js","statementMap":{"0":{"start":{"line":1,"column":23},"end":{"line":1,"column":44}},"1":{"start":{"line":4,"column":29},"end":{"line":24,"column":5}},"2":{"start":{"line":5,"column":24},"end":{"line":21,"column":10}},"3":{"start":{"line":23,"column":8},"end":{"line":23,"column":23}},"4":{"start":{"line":26,"column":32},"end":{"line":47,"column":5}},"5":{"start":{"line":27,"column":23},"end":{"line":44,"column":10}},"6":{"start":{"line":46,"column":8},"end":{"line":46,"column":22}},"7":{"start":{"line":49,"column":19},"end":{"line":51,"column":5}},"8":{"start":{"line":50,"column":8},"end":{"line":50,"column":61}},"9":{"start":{"line":53,"column":29},"end":{"line":57,"column":5}},"10":{"start":{"line":54,"column":8},"end":{"line":56,"column":16}},"11":{"start":{"line":59,"column":29},"end":{"line":63,"column":5}},"12":{"start":{"line":60,"column":8},"end":{"line":62,"column":10}},"13":{"start":{"line":66,"column":25},"end":{"line":66,"column":47}},"14":{"start":{"line":67,"column":0},"end":{"line":67,"column":34}}},"fnMap":{"0":{"name":"(anonymous_0)","decl":{"start":{"line":4,"column":29},"end":{"line":4,"column":30}},"loc":{"start":{"line":4,"column":45},"end":{"line":24,"column":5}},"line":4},"1":{"name":"(anonymous_1)","decl":{"start":{"line":26,"column":32},"end":{"line":26,"column":33}},"loc":{"start":{"line":26,"column":52},"end":{"line":47,"column":5}},"line":26},"2":{"name":"(anonymous_2)","decl":{"start":{"line":49,"column":19},"end":{"line":49,"column":20}},"loc":{"start":{"line":49,"column":35},"end":{"line":51,"column":5}},"line":49},"3":{"name":"(anonymous_3)","decl":{"start":{"line":53,"column":29},"end":{"line":53,"column":30}},"loc":{"start":{"line":53,"column":55},"end":{"line":57,"column":5}},"line":53},"4":{"name":"(anonymous_4)","decl":{"start":{"line":59,"column":29},"end":{"line":59,"column":30}},"loc":{"start":{"line":59,"column":49},"end":{"line":63,"column":5}},"line":59}},"branchMap":{},"s":{"0":3,"1":3,"2":2,"3":2,"4":3,"5":2,"6":2,"7":3,"8":1,"9":3,"10":1,"11":3,"12":1,"13":3,"14":3},"f":{"0":2,"1":2,"2":1,"3":1,"4":1},"b":{},"_coverageSchema":"1a1c01bbd47fc00a2c39e90264f33305004495a9","hash":"f804405c891cdd5f5fe2dac7850952c3a8f4b321"}
,"/Users/byun/Desktop/program/github/resume-api-version2/src/repository/user.repository.js": {"path":"/Users/byun/Desktop/program/github/resume-api-version2/src/repository/user.repository.js","statementMap":{"0":{"start":{"line":1,"column":23},"end":{"line":1,"column":44}},"1":{"start":{"line":4,"column":26},"end":{"line":12,"column":5}},"2":{"start":{"line":5,"column":21},"end":{"line":9,"column":10}},"3":{"start":{"line":11,"column":8},"end":{"line":11,"column":20}},"4":{"start":{"line":14,"column":30},"end":{"line":22,"column":5}},"5":{"start":{"line":15,"column":21},"end":{"line":19,"column":10}},"6":{"start":{"line":21,"column":8},"end":{"line":21,"column":20}},"7":{"start":{"line":24,"column":27},"end":{"line":32,"column":5}},"8":{"start":{"line":25,"column":21},"end":{"line":29,"column":10}},"9":{"start":{"line":31,"column":8},"end":{"line":31,"column":20}},"10":{"start":{"line":34,"column":38},"end":{"line":43,"column":5}},"11":{"start":{"line":35,"column":21},"end":{"line":40,"column":10}},"12":{"start":{"line":42,"column":8},"end":{"line":42,"column":20}},"13":{"start":{"line":45,"column":17},"end":{"line":47,"column":5}},"14":{"start":{"line":46,"column":8},"end":{"line":46,"column":60}},"15":{"start":{"line":51,"column":23},"end":{"line":51,"column":43}},"16":{"start":{"line":52,"column":0},"end":{"line":52,"column":32}}},"fnMap":{"0":{"name":"(anonymous_0)","decl":{"start":{"line":4,"column":26},"end":{"line":4,"column":27}},"loc":{"start":{"line":4,"column":44},"end":{"line":12,"column":5}},"line":4},"1":{"name":"(anonymous_1)","decl":{"start":{"line":14,"column":30},"end":{"line":14,"column":31}},"loc":{"start":{"line":14,"column":50},"end":{"line":22,"column":5}},"line":14},"2":{"name":"(anonymous_2)","decl":{"start":{"line":24,"column":27},"end":{"line":24,"column":28}},"loc":{"start":{"line":24,"column":44},"end":{"line":32,"column":5}},"line":24},"3":{"name":"(anonymous_3)","decl":{"start":{"line":34,"column":38},"end":{"line":34,"column":39}},"loc":{"start":{"line":34,"column":65},"end":{"line":43,"column":5}},"line":34},"4":{"name":"(anonymous_4)","decl":{"start":{"line":45,"column":17},"end":{"line":45,"column":18}},"loc":{"start":{"line":45,"column":33},"end":{"line":47,"column":5}},"line":45}},"branchMap":{},"s":{"0":5,"1":5,"2":1,"3":1,"4":5,"5":1,"6":1,"7":5,"8":1,"9":1,"10":5,"11":1,"12":1,"13":5,"14":1,"15":5,"16":5},"f":{"0":1,"1":1,"2":1,"3":1,"4":1},"b":{},"_coverageSchema":"1a1c01bbd47fc00a2c39e90264f33305004495a9","hash":"978b1749562d9bd384de3c42a7c206e0a78e7dca"}
,"/Users/byun/Desktop/program/github/resume-api-version2/src/service/auth.service.js": {"path":"/Users/byun/Desktop/program/github/resume-api-version2/src/service/auth.service.js","statementMap":{"0":{"start":{"line":1,"column":20},"end":{"line":1,"column":43}},"1":{"start":{"line":2,"column":23},"end":{"line":2,"column":63}},"2":{"start":{"line":5,"column":24},"end":{"line":20,"column":5}},"3":{"start":{"line":6,"column":22},"end":{"line":6,"column":65}},"4":{"start":{"line":9,"column":8},"end":{"line":11,"column":9}},"5":{"start":{"line":10,"column":12},"end":{"line":10,"column":49}},"6":{"start":{"line":13,"column":21},"end":{"line":13,"column":75}},"7":{"start":{"line":15,"column":8},"end":{"line":17,"column":9}},"8":{"start":{"line":16,"column":12},"end":{"line":16,"column":49}},"9":{"start":{"line":19,"column":8},"end":{"line":19,"column":20}},"10":{"start":{"line":22,"column":23},"end":{"line":48,"column":5}},"11":{"start":{"line":23,"column":22},"end":{"line":23,"column":67}},"12":{"start":{"line":24,"column":8},"end":{"line":29,"column":9}},"13":{"start":{"line":25,"column":12},"end":{"line":28,"column":13}},"14":{"start":{"line":31,"column":21},"end":{"line":31,"column":75}},"15":{"start":{"line":33,"column":8},"end":{"line":38,"column":9}},"16":{"start":{"line":34,"column":12},"end":{"line":37,"column":13}},"17":{"start":{"line":41,"column":31},"end":{"line":41,"column":106}},"18":{"start":{"line":42,"column":32},"end":{"line":42,"column":107}},"19":{"start":{"line":44,"column":8},"end":{"line":47,"column":9}},"20":{"start":{"line":51,"column":20},"end":{"line":51,"column":37}},"21":{"start":{"line":52,"column":0},"end":{"line":52,"column":28}}},"fnMap":{"0":{"name":"(anonymous_0)","decl":{"start":{"line":5,"column":24},"end":{"line":5,"column":25}},"loc":{"start":{"line":5,"column":47},"end":{"line":20,"column":5}},"line":5},"1":{"name":"(anonymous_1)","decl":{"start":{"line":22,"column":23},"end":{"line":22,"column":24}},"loc":{"start":{"line":22,"column":47},"end":{"line":48,"column":5}},"line":22}},"branchMap":{"0":{"loc":{"start":{"line":9,"column":8},"end":{"line":11,"column":9}},"type":"if","locations":[{"start":{"line":9,"column":8},"end":{"line":11,"column":9}},{"start":{},"end":{}}],"line":9},"1":{"loc":{"start":{"line":15,"column":8},"end":{"line":17,"column":9}},"type":"if","locations":[{"start":{"line":15,"column":8},"end":{"line":17,"column":9}},{"start":{},"end":{}}],"line":15},"2":{"loc":{"start":{"line":24,"column":8},"end":{"line":29,"column":9}},"type":"if","locations":[{"start":{"line":24,"column":8},"end":{"line":29,"column":9}},{"start":{},"end":{}}],"line":24},"3":{"loc":{"start":{"line":33,"column":8},"end":{"line":38,"column":9}},"type":"if","locations":[{"start":{"line":33,"column":8},"end":{"line":38,"column":9}},{"start":{},"end":{}}],"line":33}},"s":{"0":2,"1":2,"2":2,"3":3,"4":3,"5":1,"6":2,"7":2,"8":1,"9":1,"10":2,"11":2,"12":2,"13":1,"14":1,"15":1,"16":0,"17":1,"18":1,"19":1,"20":2,"21":2},"f":{"0":3,"1":2},"b":{"0":[1,2],"1":[1,1],"2":[1,1],"3":[0,1]},"_coverageSchema":"1a1c01bbd47fc00a2c39e90264f33305004495a9","hash":"7903cd6738d0674a7e8855a075c8414e8599f33f"}
,"/Users/byun/Desktop/program/github/resume-api-version2/src/service/resume.service.js": {"path":"/Users/byun/Desktop/program/github/resume-api-version2/src/service/resume.service.js","statementMap":{"0":{"start":{"line":1,"column":25},"end":{"line":1,"column":67}},"1":{"start":{"line":4,"column":27},"end":{"line":7,"column":5}},"2":{"start":{"line":5,"column":24},"end":{"line":5,"column":75}},"3":{"start":{"line":6,"column":8},"end":{"line":6,"column":23}},"4":{"start":{"line":9,"column":30},"end":{"line":12,"column":5}},"5":{"start":{"line":10,"column":23},"end":{"line":10,"column":81}},"6":{"start":{"line":11,"column":8},"end":{"line":11,"column":22}},"7":{"start":{"line":14,"column":19},"end":{"line":23,"column":5}},"8":{"start":{"line":17,"column":8},"end":{"line":22,"column":11}},"9":{"start":{"line":25,"column":29},"end":{"line":43,"column":5}},"10":{"start":{"line":26,"column":23},"end":{"line":26,"column":81}},"11":{"start":{"line":27,"column":8},"end":{"line":32,"column":9}},"12":{"start":{"line":28,"column":12},"end":{"line":31,"column":13}},"13":{"start":{"line":34,"column":8},"end":{"line":39,"column":9}},"14":{"start":{"line":35,"column":12},"end":{"line":38,"column":14}},"15":{"start":{"line":42,"column":8},"end":{"line":42,"column":69}},"16":{"start":{"line":45,"column":29},"end":{"line":63,"column":5}},"17":{"start":{"line":46,"column":23},"end":{"line":46,"column":81}},"18":{"start":{"line":48,"column":8},"end":{"line":53,"column":9}},"19":{"start":{"line":49,"column":12},"end":{"line":52,"column":14}},"20":{"start":{"line":55,"column":8},"end":{"line":60,"column":9}},"21":{"start":{"line":56,"column":12},"end":{"line":59,"column":13}},"22":{"start":{"line":62,"column":8},"end":{"line":62,"column":64}},"23":{"start":{"line":66,"column":22},"end":{"line":66,"column":41}},"24":{"start":{"line":67,"column":0},"end":{"line":67,"column":31}}},"fnMap":{"0":{"name":"(anonymous_0)","decl":{"start":{"line":4,"column":27},"end":{"line":4,"column":28}},"loc":{"start":{"line":4,"column":43},"end":{"line":7,"column":5}},"line":4},"1":{"name":"(anonymous_1)","decl":{"start":{"line":9,"column":30},"end":{"line":9,"column":31}},"loc":{"start":{"line":9,"column":50},"end":{"line":12,"column":5}},"line":9},"2":{"name":"(anonymous_2)","decl":{"start":{"line":14,"column":19},"end":{"line":14,"column":20}},"loc":{"start":{"line":16,"column":10},"end":{"line":23,"column":5}},"line":16},"3":{"name":"(anonymous_3)","decl":{"start":{"line":25,"column":29},"end":{"line":25,"column":30}},"loc":{"start":{"line":25,"column":63},"end":{"line":43,"column":5}},"line":25},"4":{"name":"(anonymous_4)","decl":{"start":{"line":45,"column":29},"end":{"line":45,"column":30}},"loc":{"start":{"line":45,"column":57},"end":{"line":63,"column":5}},"line":45}},"branchMap":{"0":{"loc":{"start":{"line":27,"column":8},"end":{"line":32,"column":9}},"type":"if","locations":[{"start":{"line":27,"column":8},"end":{"line":32,"column":9}},{"start":{},"end":{}}],"line":27},"1":{"loc":{"start":{"line":34,"column":8},"end":{"line":39,"column":9}},"type":"if","locations":[{"start":{"line":34,"column":8},"end":{"line":39,"column":9}},{"start":{},"end":{}}],"line":34},"2":{"loc":{"start":{"line":34,"column":12},"end":{"line":34,"column":70}},"type":"binary-expr","locations":[{"start":{"line":34,"column":12},"end":{"line":34,"column":35}},{"start":{"line":34,"column":39},"end":{"line":34,"column":70}}],"line":34},"3":{"loc":{"start":{"line":48,"column":8},"end":{"line":53,"column":9}},"type":"if","locations":[{"start":{"line":48,"column":8},"end":{"line":53,"column":9}},{"start":{},"end":{}}],"line":48},"4":{"loc":{"start":{"line":55,"column":8},"end":{"line":60,"column":9}},"type":"if","locations":[{"start":{"line":55,"column":8},"end":{"line":60,"column":9}},{"start":{},"end":{}}],"line":55}},"s":{"0":2,"1":2,"2":1,"3":1,"4":2,"5":1,"6":1,"7":2,"8":1,"9":2,"10":4,"11":4,"12":1,"13":3,"14":1,"15":2,"16":2,"17":3,"18":3,"19":1,"20":2,"21":1,"22":1,"23":2,"24":2},"f":{"0":1,"1":1,"2":1,"3":4,"4":3},"b":{"0":[1,3],"1":[1,2],"2":[3,2],"3":[1,2],"4":[1,1]},"_coverageSchema":"1a1c01bbd47fc00a2c39e90264f33305004495a9","hash":"9f4edf5f2b68655f3dba29e7e59a313e14018ff9"}
,"/Users/byun/Desktop/program/github/resume-api-version2/src/service/user.service.js": {"path":"/Users/byun/Desktop/program/github/resume-api-version2/src/service/user.service.js","statementMap":{"0":{"start":{"line":1,"column":20},"end":{"line":1,"column":43}},"1":{"start":{"line":2,"column":15},"end":{"line":2,"column":42}},"2":{"start":{"line":3,"column":23},"end":{"line":3,"column":63}},"3":{"start":{"line":6,"column":17},"end":{"line":43,"column":5}},"4":{"start":{"line":7,"column":59},"end":{"line":7,"column":63}},"5":{"start":{"line":10,"column":8},"end":{"line":42,"column":9}},"6":{"start":{"line":11,"column":25},"end":{"line":11,"column":79}},"7":{"start":{"line":13,"column":12},"end":{"line":18,"column":13}},"8":{"start":{"line":14,"column":16},"end":{"line":17,"column":18}},"9":{"start":{"line":20,"column":12},"end":{"line":24,"column":15}},"10":{"start":{"line":27,"column":25},"end":{"line":27,"column":73}},"11":{"start":{"line":29,"column":12},"end":{"line":34,"column":13}},"12":{"start":{"line":30,"column":16},"end":{"line":33,"column":18}},"13":{"start":{"line":36,"column":12},"end":{"line":41,"column":15}},"14":{"start":{"line":45,"column":17},"end":{"line":93,"column":5}},"15":{"start":{"line":47,"column":8},"end":{"line":83,"column":9}},"16":{"start":{"line":49,"column":12},"end":{"line":49,"column":74}},"17":{"start":{"line":51,"column":12},"end":{"line":56,"column":13}},"18":{"start":{"line":52,"column":16},"end":{"line":55,"column":17}},"19":{"start":{"line":59,"column":12},"end":{"line":64,"column":13}},"20":{"start":{"line":60,"column":16},"end":{"line":63,"column":17}},"21":{"start":{"line":66,"column":12},"end":{"line":71,"column":13}},"22":{"start":{"line":67,"column":16},"end":{"line":70,"column":18}},"23":{"start":{"line":73,"column":12},"end":{"line":75,"column":45}},"24":{"start":{"line":77,"column":12},"end":{"line":82,"column":13}},"25":{"start":{"line":78,"column":16},"end":{"line":81,"column":17}},"26":{"start":{"line":87,"column":28},"end":{"line":87,"column":103}},"27":{"start":{"line":88,"column":29},"end":{"line":88,"column":104}},"28":{"start":{"line":89,"column":8},"end":{"line":92,"column":9}},"29":{"start":{"line":96,"column":20},"end":{"line":96,"column":37}},"30":{"start":{"line":97,"column":0},"end":{"line":97,"column":29}}},"fnMap":{"0":{"name":"(anonymous_0)","decl":{"start":{"line":6,"column":17},"end":{"line":6,"column":18}},"loc":{"start":{"line":6,"column":33},"end":{"line":43,"column":5}},"line":6},"1":{"name":"(anonymous_1)","decl":{"start":{"line":45,"column":17},"end":{"line":45,"column":18}},"loc":{"start":{"line":45,"column":58},"end":{"line":93,"column":5}},"line":45}},"branchMap":{"0":{"loc":{"start":{"line":10,"column":8},"end":{"line":42,"column":9}},"type":"if","locations":[{"start":{"line":10,"column":8},"end":{"line":42,"column":9}},{"start":{"line":25,"column":15},"end":{"line":42,"column":9}}],"line":10},"1":{"loc":{"start":{"line":13,"column":12},"end":{"line":18,"column":13}},"type":"if","locations":[{"start":{"line":13,"column":12},"end":{"line":18,"column":13}},{"start":{},"end":{}}],"line":13},"2":{"loc":{"start":{"line":29,"column":12},"end":{"line":34,"column":13}},"type":"if","locations":[{"start":{"line":29,"column":12},"end":{"line":34,"column":13}},{"start":{},"end":{}}],"line":29},"3":{"loc":{"start":{"line":47,"column":8},"end":{"line":83,"column":9}},"type":"if","locations":[{"start":{"line":47,"column":8},"end":{"line":83,"column":9}},{"start":{"line":57,"column":15},"end":{"line":83,"column":9}}],"line":47},"4":{"loc":{"start":{"line":51,"column":12},"end":{"line":56,"column":13}},"type":"if","locations":[{"start":{"line":51,"column":12},"end":{"line":56,"column":13}},{"start":{},"end":{}}],"line":51},"5":{"loc":{"start":{"line":59,"column":12},"end":{"line":64,"column":13}},"type":"if","locations":[{"start":{"line":59,"column":12},"end":{"line":64,"column":13}},{"start":{},"end":{}}],"line":59},"6":{"loc":{"start":{"line":66,"column":12},"end":{"line":71,"column":13}},"type":"if","locations":[{"start":{"line":66,"column":12},"end":{"line":71,"column":13}},{"start":{},"end":{}}],"line":66},"7":{"loc":{"start":{"line":77,"column":12},"end":{"line":82,"column":13}},"type":"if","locations":[{"start":{"line":77,"column":12},"end":{"line":82,"column":13}},{"start":{},"end":{}}],"line":77}},"s":{"0":2,"1":2,"2":2,"3":2,"4":4,"5":4,"6":2,"7":2,"8":1,"9":1,"10":2,"11":2,"12":1,"13":1,"14":2,"15":3,"16":1,"17":1,"18":0,"19":2,"20":0,"21":2,"22":0,"23":2,"24":2,"25":1,"26":2,"27":2,"28":2,"29":2,"30":2},"f":{"0":4,"1":3},"b":{"0":[2,2],"1":[1,1],"2":[1,1],"3":[1,2],"4":[0,1],"5":[0,2],"6":[0,2],"7":[1,1]},"_coverageSchema":"1a1c01bbd47fc00a2c39e90264f33305004495a9","hash":"8409f01c290864c6ec49f3233f7b10b7009041e0"}
,"/Users/byun/Desktop/program/github/resume-api-version2/src/typeorm/index.js": {"path":"/Users/byun/Desktop/program/github/resume-api-version2/src/typeorm/index.js","statementMap":{"0":{"start":{"line":1,"column":0},"end":{"line":1,"column":26}},"1":{"start":{"line":2,"column":16},"end":{"line":2,"column":34}},"2":{"start":{"line":4,"column":19},"end":{"line":16,"column":2}},"3":{"start":{"line":18,"column":0},"end":{"line":20,"column":1}},"4":{"start":{"line":19,"column":4},"end":{"line":19,"column":28}},"5":{"start":{"line":22,"column":0},"end":{"line":24,"column":1}}},"fnMap":{},"branchMap":{"0":{"loc":{"start":{"line":18,"column":0},"end":{"line":20,"column":1}},"type":"if","locations":[{"start":{"line":18,"column":0},"end":{"line":20,"column":1}},{"start":{},"end":{}}],"line":18}},"s":{"0":8,"1":8,"2":8,"3":8,"4":0,"5":8},"f":{},"b":{"0":[0,8]},"_coverageSchema":"1a1c01bbd47fc00a2c39e90264f33305004495a9","hash":"a82aba87552ff0120c0f004797251845ac3ebef6"}
,"/Users/byun/Desktop/program/github/resume-api-version2/src/typeorm/entity/resume.entity.js": {"path":"/Users/byun/Desktop/program/github/resume-api-version2/src/typeorm/entity/resume.entity.js","statementMap":{"0":{"start":{"line":1,"column":21},"end":{"line":1,"column":52}},"1":{"start":{"line":3,"column":0},"end":{"line":37,"column":2}}},"fnMap":{},"branchMap":{},"s":{"0":8,"1":8},"f":{},"b":{},"_coverageSchema":"1a1c01bbd47fc00a2c39e90264f33305004495a9","hash":"5447211fe3a539ba1644a08c7afc876a3aad781c"}
,"/Users/byun/Desktop/program/github/resume-api-version2/src/typeorm/entity/user.entity.js": {"path":"/Users/byun/Desktop/program/github/resume-api-version2/src/typeorm/entity/user.entity.js","statementMap":{"0":{"start":{"line":1,"column":21},"end":{"line":1,"column":52}},"1":{"start":{"line":3,"column":0},"end":{"line":31,"column":2}}},"fnMap":{},"branchMap":{},"s":{"0":8,"1":8},"f":{},"b":{},"_coverageSchema":"1a1c01bbd47fc00a2c39e90264f33305004495a9","hash":"179ca3b1f658a2fb68ea911f5d853e9ba0fd450c"}
}
