TN:
SF:src/controller/auth.controller.js
FN:4,(anonymous_0)
FNF:1
FNH:1
FNDA:1,(anonymous_0)
DA:1,1
DA:4,1
DA:5,1
DA:6,1
DA:8,1
DA:9,1
DA:11,0
DA:16,1
DA:17,1
LF:9
LH:8
BRF:0
BRH:0
end_of_record
TN:
SF:src/controller/resume.controller.js
FN:4,(anonymous_0)
FN:34,(anonymous_1)
FN:56,(anonymous_2)
FN:84,(anonymous_3)
FN:136,(anonymous_4)
FNF:5
FNH:3
FNDA:1,(anonymous_0)
FNDA:4,(anonymous_1)
FNDA:0,(anonymous_2)
FNDA:0,(anonymous_3)
FNDA:1,(anonymous_4)
DA:1,1
DA:4,1
DA:5,1
DA:6,1
DA:7,1
DA:9,1
DA:10,0
DA:16,1
DA:17,0
DA:23,1
DA:28,1
DA:30,0
DA:34,1
DA:35,4
DA:36,4
DA:37,4
DA:38,0
DA:44,4
DA:46,4
DA:47,3
DA:50,1
DA:52,0
DA:56,1
DA:57,0
DA:58,0
DA:59,0
DA:60,0
DA:61,0
DA:67,0
DA:68,0
DA:74,0
DA:78,0
DA:80,0
DA:84,1
DA:85,0
DA:86,0
DA:87,0
DA:88,0
DA:90,0
DA:91,0
DA:97,0
DA:98,0
DA:104,0
DA:105,0
DA:111,0
DA:112,0
DA:119,0
DA:120,0
DA:126,0
DA:130,0
DA:132,0
DA:136,1
DA:137,1
DA:138,1
DA:139,1
DA:141,1
DA:142,0
DA:148,1
DA:150,1
DA:152,0
DA:157,1
DA:158,1
LF:62
LH:28
BRDA:6,0,0,1
BRDA:6,0,1,0
BRDA:7,1,0,1
BRDA:7,1,1,0
BRDA:9,2,0,0
BRDA:9,2,1,1
BRDA:16,3,0,0
BRDA:16,3,1,1
BRDA:37,4,0,0
BRDA:37,4,1,4
BRDA:46,5,0,3
BRDA:46,5,1,1
BRDA:60,6,0,0
BRDA:60,6,1,0
BRDA:67,7,0,0
BRDA:67,7,1,0
BRDA:90,8,0,0
BRDA:90,8,1,0
BRDA:97,9,0,0
BRDA:97,9,1,0
BRDA:104,10,0,0
BRDA:104,10,1,0
BRDA:111,11,0,0
BRDA:111,11,1,0
BRDA:119,12,0,0
BRDA:119,12,1,0
BRDA:141,13,0,0
BRDA:141,13,1,1
BRF:28
BRH:8
end_of_record
TN:
SF:src/controller/user.controller.js
FN:4,(anonymous_0)
FN:48,(anonymous_1)
FN:59,(anonymous_2)
FNF:3
FNH:2
FNDA:2,(anonymous_0)
FNDA:0,(anonymous_1)
FNDA:1,(anonymous_2)
DA:1,1
DA:4,1
DA:5,2
DA:6,2
DA:7,2
DA:8,0
DA:11,2
DA:12,0
DA:13,0
DA:16,0
DA:17,0
DA:20,0
DA:21,0
DA:24,0
DA:25,0
DA:28,0
DA:29,0
DA:33,2
DA:34,1
DA:37,1
DA:39,1
DA:44,0
DA:48,1
DA:49,0
DA:50,0
DA:52,0
DA:53,0
DA:55,0
DA:59,1
DA:60,1
DA:61,1
DA:63,1
DA:68,0
DA:73,1
DA:74,1
LF:35
LH:17
BRDA:7,0,0,0
BRDA:7,0,1,2
BRDA:7,1,0,2
BRDA:7,1,1,1
BRDA:11,2,0,0
BRDA:11,2,1,2
BRDA:12,3,0,0
BRDA:12,3,1,0
BRDA:16,4,0,0
BRDA:16,4,1,0
BRDA:20,5,0,0
BRDA:20,5,1,0
BRDA:24,6,0,0
BRDA:24,6,1,0
BRDA:28,7,0,0
BRDA:28,7,1,0
BRDA:33,8,0,1
BRDA:33,8,1,1
BRF:18
BRH:6
end_of_record
TN:
SF:src/repository/resume.repository.js
FN:4,(anonymous_0)
FN:26,(anonymous_1)
FN:49,(anonymous_2)
FN:53,(anonymous_3)
FN:59,(anonymous_4)
FNF:5
FNH:5
FNDA:2,(anonymous_0)
FNDA:2,(anonymous_1)
FNDA:1,(anonymous_2)
FNDA:1,(anonymous_3)
FNDA:1,(anonymous_4)
DA:1,3
DA:4,3
DA:5,2
DA:23,2
DA:26,3
DA:27,2
DA:46,2
DA:49,3
DA:50,1
DA:53,3
DA:54,1
DA:59,3
DA:60,1
DA:66,3
DA:67,3
LF:15
LH:15
BRF:0
BRH:0
end_of_record
TN:
SF:src/repository/user.repository.js
FN:4,(anonymous_0)
FN:14,(anonymous_1)
FN:24,(anonymous_2)
FN:34,(anonymous_3)
FN:45,(anonymous_4)
FNF:5
FNH:5
FNDA:1,(anonymous_0)
FNDA:1,(anonymous_1)
FNDA:1,(anonymous_2)
FNDA:1,(anonymous_3)
FNDA:1,(anonymous_4)
DA:1,5
DA:4,5
DA:5,1
DA:11,1
DA:14,5
DA:15,1
DA:21,1
DA:24,5
DA:25,1
DA:31,1
DA:34,5
DA:35,1
DA:42,1
DA:45,5
DA:46,1
DA:51,5
DA:52,5
LF:17
LH:17
BRF:0
BRH:0
end_of_record
TN:
SF:src/service/auth.service.js
FN:5,(anonymous_0)
FN:22,(anonymous_1)
FNF:2
FNH:2
FNDA:3,(anonymous_0)
FNDA:2,(anonymous_1)
DA:1,2
DA:2,2
DA:5,2
DA:6,3
DA:9,3
DA:10,1
DA:13,2
DA:15,2
DA:16,1
DA:19,1
DA:22,2
DA:23,2
DA:24,2
DA:25,1
DA:31,1
DA:33,1
DA:34,0
DA:41,1
DA:42,1
DA:44,1
DA:51,2
DA:52,2
LF:22
LH:21
BRDA:9,0,0,1
BRDA:9,0,1,2
BRDA:15,1,0,1
BRDA:15,1,1,1
BRDA:24,2,0,1
BRDA:24,2,1,1
BRDA:33,3,0,0
BRDA:33,3,1,1
BRF:8
BRH:7
end_of_record
TN:
SF:src/service/resume.service.js
FN:4,(anonymous_0)
FN:9,(anonymous_1)
FN:14,(anonymous_2)
FN:25,(anonymous_3)
FN:45,(anonymous_4)
FNF:5
FNH:5
FNDA:1,(anonymous_0)
FNDA:1,(anonymous_1)
FNDA:1,(anonymous_2)
FNDA:4,(anonymous_3)
FNDA:3,(anonymous_4)
DA:1,2
DA:4,2
DA:5,1
DA:6,1
DA:9,2
DA:10,1
DA:11,1
DA:14,2
DA:17,1
DA:25,2
DA:26,4
DA:27,4
DA:28,1
DA:34,3
DA:35,1
DA:42,2
DA:45,2
DA:46,3
DA:48,3
DA:49,1
DA:55,2
DA:56,1
DA:62,1
DA:66,2
DA:67,2
LF:25
LH:25
BRDA:27,0,0,1
BRDA:27,0,1,3
BRDA:34,1,0,1
BRDA:34,1,1,2
BRDA:34,2,0,3
BRDA:34,2,1,2
BRDA:48,3,0,1
BRDA:48,3,1,2
BRDA:55,4,0,1
BRDA:55,4,1,1
BRF:10
BRH:10
end_of_record
TN:
SF:src/service/user.service.js
FN:6,(anonymous_0)
FN:45,(anonymous_1)
FNF:2
FNH:2
FNDA:4,(anonymous_0)
FNDA:3,(anonymous_1)
DA:1,2
DA:2,2
DA:3,2
DA:6,2
DA:7,4
DA:10,4
DA:11,2
DA:13,2
DA:14,1
DA:20,1
DA:27,2
DA:29,2
DA:30,1
DA:36,1
DA:45,2
DA:47,3
DA:49,1
DA:51,1
DA:52,0
DA:59,2
DA:60,0
DA:66,2
DA:67,0
DA:73,2
DA:77,2
DA:78,1
DA:87,2
DA:88,2
DA:89,2
DA:96,2
DA:97,2
LF:31
LH:28
BRDA:10,0,0,2
BRDA:10,0,1,2
BRDA:13,1,0,1
BRDA:13,1,1,1
BRDA:29,2,0,1
BRDA:29,2,1,1
BRDA:47,3,0,1
BRDA:47,3,1,2
BRDA:51,4,0,0
BRDA:51,4,1,1
BRDA:59,5,0,0
BRDA:59,5,1,2
BRDA:66,6,0,0
BRDA:66,6,1,2
BRDA:77,7,0,1
BRDA:77,7,1,1
BRF:16
BRH:13
end_of_record
TN:
SF:src/typeorm/index.js
FNF:0
FNH:0
DA:1,8
DA:2,8
DA:4,8
DA:18,8
DA:19,0
DA:22,8
LF:6
LH:5
BRDA:18,0,0,0
BRDA:18,0,1,8
BRF:2
BRH:1
end_of_record
TN:
SF:src/typeorm/entity/resume.entity.js
FNF:0
FNH:0
DA:1,8
DA:3,8
LF:2
LH:2
BRF:0
BRH:0
end_of_record
TN:
SF:src/typeorm/entity/user.entity.js
FNF:0
FNH:0
DA:1,8
DA:3,8
LF:2
LH:2
BRF:0
BRH:0
end_of_record
